build/app/outputs/mapping/release/seeds.txt
com.example.flutter_application_1.MainActivity: MainActivity()
com.example.flutter_application_1.MainActivity
...
androidx.appcompat.widget.AppCompatEditText: android.graphics.PorterDuff$Mode getSupportBackgroundTintMode()
androidx.appcompat.widget.LinearLayoutCompat: android.graphics.drawable.Drawable getDividerDrawable()
com.dexterous.flutterlocalnotifications.models.NotificationChannelGroupDetails: java.lang.String id
io.flutter.embedding.engine.renderer.SurfaceTextureWrapper: void getTransformMatrix(float[])
androidx.appcompat.view.menu.ExpandedMenuView: ExpandedMenuView(android.content.Context,android.util.AttributeSet)
io.flutter.embedding.engine.FlutterJNI: void nativeSurfaceChanged(long,int,int)
androidx.core.app.RemoteActionCompatParcelizer: void write(androidx.core.app.RemoteActionCompat,androidx.versionedparcelable.VersionedParcel)
androidx.appcompat.widget.Toolbar: void setNavigationContentDescription(int)
com.dexterous.flutterlocalnotifications.models.NotificationDetails: java.lang.String SCHEDULED_NOTIFICATION_REPEAT_FREQUENCY
androidx.core.widget.NestedScrollView: float getBottomFadingEdgeStrength()
androidx.lifecycle.ReportFragment$LifecycleCallbacks: void onActivityStarted(android.app.Activity)
org.threeten.bp.Year: java.lang.Object readResolve()
androidx.lifecycle.CompositeGeneratedAdaptersObserver
com.dexterous.flutterlocalnotifications.models.NotificationDetails: java.lang.String timeZoneName
androidx.appcompat.widget.AppCompatSpinner: void setAdapter(android.widget.SpinnerAdapter)
io.flutter.view.AccessibilityViewEmbedder: android.view.accessibility.AccessibilityNodeInfo getRootNode(android.view.View,int,android.graphics.Rect)
io.flutter.plugin.editing.ImeSyncDeferringInsetsCallback: boolean animating
androidx.appcompat.widget.DialogTitle: DialogTitle(android.content.Context,android.util.AttributeSet)
com.dexterous.flutterlocalnotifications.models.NotificationDetails: java.lang.String TEXT
androidx.appcompat.widget.AppCompatImageView: void setImageDrawable(android.graphics.drawable.Drawable)
com.transistorsoft.flutter.backgroundfetch.HeadlessTask: io.flutter.embedding.engine.FlutterEngine sBackgroundFlutterEngine
androidx.appcompat.widget.ActionMenuView: android.graphics.drawable.Drawable getOverflowIcon()
com.dexterous.flutterlocalnotifications.models.NotificationDetails: java.lang.String groupKey
com.dexterous.flutterlocalnotifications.models.styles.MessagingStyleInformation: java.lang.Boolean groupConversation
com.dexterous.flutterlocalnotifications.models.NotificationDetails: java.lang.String VISIBILITY
androidx.appcompat.widget.Toolbar: android.content.Context getPopupContext()
org.threeten.bp.Period
com.transistorsoft.flutter.backgroundfetch.HeadlessTask: java.lang.String KEY_CLIENT_CALLBACK_ID
com.dexterous.flutterlocalnotifications.models.NotificationChannelDetails: java.lang.Boolean enableLights
androidx.appcompat.widget.ViewStubCompat
com.dexterous.flutterlocalnotifications.models.NotificationDetails: java.lang.String MILLISECONDS_SINCE_EPOCH
com.dexterous.flutterlocalnotifications.FlutterLocalNotificationsPlugin: android.content.Context applicationContext
androidx.appcompat.widget.AppCompatCheckedTextView: void setCustomSelectionActionModeCallback(android.view.ActionMode$Callback)
com.dexterous.flutterlocalnotifications.utils.BooleanUtils: BooleanUtils()
io.flutter.embedding.engine.FlutterJNI: void destroyOverlaySurfaces()
androidx.appcompat.widget.AppCompatTextView: void setSupportBackgroundTintList(android.content.res.ColorStateList)
io.flutter.embedding.engine.FlutterJNI: boolean prefetchDefaultFontManagerCalled
android.support.v4.app.RemoteActionCompatParcelizer
androidx.appcompat.widget.LinearLayoutCompat: void setShowDividers(int)
io.flutter.embedding.engine.FlutterJNI: void ensureRunningOnMainThread()
android.support.v4.media.session.PlaybackStateCompat: android.os.Parcelable$Creator CREATOR
androidx.appcompat.widget.ActionBarContainer: void setSplitBackground(android.graphics.drawable.Drawable)
org.threeten.bp.chrono.JapaneseEra: java.lang.Object writeReplace()