build/app/outputs/mapping/release/mapping.txt
# compiler: R8
# compiler_version: 2.1.62
# min_api: 16
# pg_map_id: 0796748
# common_typos_disable
...
com.google.gson.JsonDeserializationContext -> d.a.b.j:
com.google.gson.JsonDeserializer -> d.a.b.k:
    java.lang.Object deserialize(com.google.gson.JsonElement,java.lang.reflect.Type,com.google.gson.JsonDeserializationContext) -> a
com.google.gson.JsonElement -> d.a.b.l:
    com.google.gson.JsonArray getAsJsonArray() -> a
    com.google.gson.JsonObject getAsJsonObject() -> b
    com.google.gson.JsonPrimitive getAsJsonPrimitive() -> c
    java.lang.String getAsString() -> d
    boolean isJsonArray() -> e
    boolean isJsonNull() -> f
    boolean isJsonObject() -> g
    boolean isJsonPrimitive() -> h
com.google.gson.JsonIOException -> d.a.b.m:
com.google.gson.JsonNull -> d.a.b.n:
    com.google.gson.JsonNull INSTANCE -> a
com.google.gson.JsonObject -> d.a.b.o:
    com.google.gson.internal.LinkedTreeMap members -> a
    void add(java.lang.String,com.google.gson.JsonElement) -> i
    java.util.Set entrySet() -> j
    boolean has(java.lang.String) -> k
    com.google.gson.JsonElement remove(java.lang.String) -> l
com.google.gson.JsonParseException -> d.a.b.p:
com.google.gson.JsonPrimitive -> d.a.b.q:
    java.lang.Object value -> a
    java.lang.String getAsString() -> d
    boolean getAsBoolean() -> i
    double getAsDouble() -> j
    int getAsInt() -> k
    long getAsLong() -> l
    java.lang.Number getAsNumber() -> m
    boolean isBoolean() -> n
    boolean isIntegral(com.google.gson.JsonPrimitive) -> o
    boolean isNumber() -> p
    boolean isString() -> q
com.google.gson.JsonSerializationContext -> d.a.b.r:
com.google.gson.JsonSerializer -> d.a.b.s:
    com.google.gson.JsonElement serialize(java.lang.Object,java.lang.reflect.Type,com.google.gson.JsonSerializationContext) -> a
com.google.gson.JsonSyntaxException -> d.a.b.t:
com.google.gson.LongSerializationPolicy -> d.a.b.u:
    com.google.gson.LongSerializationPolicy STRING -> c
    com.google.gson.LongSerializationPolicy DEFAULT -> b
    com.google.gson.LongSerializationPolicy[] $VALUES -> d
com.google.gson.LongSerializationPolicy$1 -> d.a.b.u$a:
com.google.gson.LongSerializationPolicy$2 -> d.a.b.u$b:
com.google.gson.TypeAdapter -> d.a.b.v:
    java.lang.Object fromJsonTree(com.google.gson.JsonElement) -> a
    com.google.gson.TypeAdapter nullSafe() -> b
    java.lang.Object read(com.google.gson.stream.JsonReader) -> c
    com.google.gson.JsonElement toJsonTree(java.lang.Object) -> d
    void write(com.google.gson.stream.JsonWriter,java.lang.Object) -> e
com.google.gson.TypeAdapter$1 -> d.a.b.v$a:
    com.google.gson.TypeAdapter this$0 -> a
    java.lang.Object read(com.google.gson.stream.JsonReader) -> c
    void write(com.google.gson.stream.JsonWriter,java.lang.Object) -> e
com.google.gson.TypeAdapterFactory -> d.a.b.w:
com.google.gson.annotations.Expose -> d.a.b.x.a:
com.google.gson.annotations.JsonAdapter -> d.a.b.x.b:
com.google.gson.annotations.SerializedName -> d.a.b.x.c:
com.google.gson.annotations.Since -> d.a.b.x.d:
com.google.gson.annotations.Until -> d.a.b.x.e:
com.google.gson.internal.$Gson$Preconditions -> d.a.b.y.a:
    void checkArgument(boolean) -> a
    java.lang.Object checkNotNull(java.lang.Object) -> b