build/app/outputs/mapping/release/usage.txt
com.example.flutter_application_1.R$mipmap
com.example.flutter_application_1.R$integer
com.example.flutter_application_1.R$bool
com.example.flutter_application_1.R$drawable
com.example.flutter_application_1.R$anim
com.example.flutter_application_1.R$attr
com.example.flutter_application_1.R$interpolator
com.example.flutter_application_1.R$style
com.example.flutter_application_1.R
com.example.flutter_application_1.BuildConfig
com.example.flutter_application_1.R$dimen
com.example.flutter_application_1.R$color
com.example.flutter_application_1.R$id
com.example.flutter_application_1.R$styleable
com.example.flutter_application_1.R$layout
com.example.flutter_application_1.R$string
...
kotlin.sequences.SequencesKt___SequencesKt$minus$3
androidx.fragment.app.FragmentTabHost$SavedState
org.threeten.bp.zone.ZoneRules$Fixed:
    public org.threeten.bp.ZoneOffset getOffset(org.threeten.bp.LocalDateTime)
    public org.threeten.bp.ZoneOffset getStandardOffset(org.threeten.bp.Instant)
    public org.threeten.bp.Duration getDaylightSavings(org.threeten.bp.Instant)
    public boolean isDaylightSavings(org.threeten.bp.Instant)
    public org.threeten.bp.zone.ZoneOffsetTransition nextTransition(org.threeten.bp.Instant)
    public org.threeten.bp.zone.ZoneOffsetTransition previousTransition(org.threeten.bp.Instant)
    public java.util.List getTransitions()
    public java.util.List getTransitionRules()
    private static final long serialVersionUID
io.flutter.embedding.android.FlutterFragment$1
com.google.common.base.CharMatcher$JavaIsoControl
com.google.common.collect.FilteredKeySetMultimap
com.google.common.io.BaseEncoding$3
androidx.core.content.pm.ShortcutManagerCompat$1
kotlin.text.StringsKt___StringsKt$windowedSequence$1
androidx.core.app.JobIntentService$CompatWorkItem
com.google.common.collect.Iterators$1
androidx.core.text.TextDirectionHeuristicsCompat:
    private void <init>()
    private static final int STATE_TRUE
    private static final int STATE_FALSE
    private static final int STATE_UNKNOWN
com.google.common.collect.ImmutableMap$MapViewOfValuesAsSingletonSets$1$1
kotlin.collections.State
androidx.annotation.Nullable
kotlin.sequences.TakeSequence
android.support.v4.media.session.MediaSessionCompat$MediaSessionImplApi18
com.google.common.collect.Collections2$TransformedCollection
com.google.common.graph.BaseGraph
android.support.v4.media.MediaBrowserCompat$MediaBrowserImplApi21$2
com.google.common.collect.Synchronized$SynchronizedCollection
kotlin.coroutines.experimental.Continuation
kotlin.concurrent.LocksKt
kotlin.random.Random$Default
com.google.common.collect.ImmutableEnumSet
com.google.common.math.LinearTransformation$1
kotlin.collections.ArraysKt__ArraysJVMKt
com.google.common.collect.TreeRangeMap$SubRangeMap$SubRangeMapAsMap
org.threeten.bp.format.DateTimeFormatterBuilder$ZoneTextPrinterParser$1
com.google.common.collect.Synchronized$SynchronizedSortedSet
kotlin.ULong
com.google.common.graph.ImmutableNetwork$3
org.threeten.bp.temporal.TemporalAdjusters$DayOfWeekInMonth
kotlin.contracts.Effect
javax.annotation.Detainted
org.intellij.lang.annotations.JdkConstants$TabPlacement
androidx.media.MediaBrowserServiceCompat$ServiceBinderImpl$7
org.threeten.bp.temporal.TemporalAmount:
    public abstract java.util.List getUnits()
    public abstract long get(org.threeten.bp.temporal.TemporalUnit)
    public abstract org.threeten.bp.temporal.Temporal subtractFrom(org.threeten.bp.temporal.Temporal)
io.flutter.embedding.engine.systemchannels.TextInputChannel:
    private static final java.lang.String TAG
kotlin.jvm.internal.ClassReference
org.threeten.bp.temporal.TemporalField:
    public abstract org.threeten.bp.temporal.TemporalUnit getBaseUnit()
    public abstract org.threeten.bp.temporal.TemporalUnit getRangeUnit()
    public abstract java.lang.String getDisplayName(java.util.Locale)
com.google.common.collect.ImmutableSet$Builder
androidx.core.internal.package-info
com.google.common.collect.LinkedListMultimap$ValueForKeyIterator
io.flutter.embedding.android.AndroidTouchProcessor$PointerDeviceKind
androidx.annotation.AttrRes
androidx.core.content.pm.ActivityInfoCompat
org.intellij.lang.annotations.MagicConstant
androidx.core.view.GestureDetectorCompat
javax.annotation.MatchesPattern